#
# There is insufficient memory for the Java Runtime Environment to continue.
# Native memory allocation (malloc) failed to allocate 1048576 bytes for AllocateHeap
# Possible reasons:
#   The system is out of physical RAM or swap space
#   The process is running with CompressedOops enabled, and the Java Heap may be blocking the growth of the native heap
# Possible solutions:
#   Reduce memory load on the system
#   Increase physical memory or swap space
#   Check if swap backing store is full
#   Decrease Java heap size (-Xmx/-Xms)
#   Decrease number of Java threads
#   Decrease Java thread stack sizes (-Xss)
#   Set larger code cache with -XX:ReservedCodeCacheSize=
#   JVM is running with Zero Based Compressed Oops mode in which the Java heap is
#     placed in the first 32GB address space. The Java Heap base address is the
#     maximum limit for the native heap growth. Please use -XX:HeapBaseMinAddress
#     to set the Java Heap base and to place the Java Heap above 32GB virtual address.
# This output file may be truncated or incomplete.
#
#  Out of Memory Error (memory/allocation.inline.hpp:61), pid=39768, tid=0x0000000000006ea8
#
# JRE version:  (8.0_201-b09) (build )
# Java VM: Java HotSpot(TM) 64-Bit Server VM (25.201-b09 mixed mode windows-amd64 compressed oops)
# Failed to write core dump. Minidumps are not enabled by default on client versions of Windows
#

---------------  T H R E A D  ---------------

Current thread (0x000000000226e000):  JavaThread "Unknown thread" [_thread_in_vm, id=28328, stack(0x00000000020e0000,0x00000000021e0000)]

Stack: [0x00000000020e0000,0x00000000021e0000]
[error occurred during error reporting (printing stack bounds), id 0xc0000005]

Native frames: (J=compiled Java code, j=interpreted, Vv=VM code, C=native code)


---------------  P R O C E S S  ---------------

Java Threads: ( => current thread )

Other Threads:

=>0x000000000226e000 (exited) JavaThread "Unknown thread" [_thread_in_vm, id=28328, stack(0x00000000020e0000,0x00000000021e0000)]

VM state:not at safepoint (normal execution)

VM Mutex/Monitor currently owned by a thread: None

heap address: 0x00000006c1e00000, size: 4066 MB, Compressed Oops mode: Zero based, Oop shift amount: 3
Narrow klass base: 0x0000000000000000, Narrow klass shift: 3
Compressed class space size: 1073741824 Address: 0x00000007c0000000

Heap:
 PSYoungGen      total 76288K, used 1310K [0x000000076b500000, 0x0000000770a00000, 0x00000007c0000000)
  eden space 65536K, 2% used [0x000000076b500000,0x000000076b647af0,0x000000076f500000)
  from space 10752K, 0% used [0x000000076ff80000,0x000000076ff80000,0x0000000770a00000)
  to   space 10752K, 0% used [0x000000076f500000,0x000000076f500000,0x000000076ff80000)
 ParOldGen       total 175104K, used 0K [0x00000006c1e00000, 0x00000006cc900000, 0x000000076b500000)
  object space 175104K, 0% used [0x00000006c1e00000,0x00000006c1e00000,0x00000006cc900000)
 Metaspace       used 751K, capacity 4480K, committed 4480K, reserved 1056768K
  class space    used 76K, capacity 384K, committed 384K, reserved 1048576K

Card table byte_map: [0x0000000011830000,0x0000000012030000] byte_map_base: 0x000000000e221000

Marking Bits: (ParMarkBitMap*) 0x0000000063104ce0
 Begin Bits: [0x0000000012d80000, 0x0000000016d08000)
 End Bits:   [0x0000000016d08000, 0x000000001ac90000)

Polling page: 0x0000000000420000

CodeCache: size=245760Kb used=328Kb max_used=328Kb free=245431Kb
 bounds [0x0000000002470000, 0x00000000026e0000, 0x0000000011470000]
 total_blobs=58 nmethods=0 adapters=38
 compilation: enabled

Compilation events (0 events):
No events

GC Heap History (0 events):
No events

Deoptimization events (0 events):
No events

Classes redefined (0 events):
No events

Internal exceptions (0 events):
No events

Events (10 events):
Event: 0.034 loading class java/lang/Short
Event: 0.034 loading class java/lang/Short done
Event: 0.034 loading class java/lang/Integer
Event: 0.034 loading class java/lang/Integer done
Event: 0.034 loading class java/lang/Long
Event: 0.034 loading class java/lang/Long done
Event: 0.035 loading class java/lang/NullPointerException
Event: 0.035 loading class java/lang/NullPointerException done
Event: 0.035 loading class java/lang/ArithmeticException
Event: 0.035 loading class java/lang/ArithmeticException done


Dynamic libraries:
0x00007ff712990000 - 0x00007ff7129c7000 	C:\Program Files\Java\jre1.8.0_201\bin\javaw.exe
0x00007ffd13cd0000 - 0x00007ffd13eb1000 	C:\WINDOWS\SYSTEM32\ntdll.dll
0x00007ffd13650000 - 0x00007ffd13702000 	C:\WINDOWS\System32\KERNEL32.DLL
0x00007ffd10540000 - 0x00007ffd107b3000 	C:\WINDOWS\System32\KERNELBASE.dll
0x00007ffd12fe0000 - 0x00007ffd13081000 	C:\WINDOWS\System32\ADVAPI32.dll
0x00007ffd135b0000 - 0x00007ffd1364e000 	C:\WINDOWS\System32\msvcrt.dll
0x00007ffd13ae0000 - 0x00007ffd13b3b000 	C:\WINDOWS\System32\sechost.dll
0x00007ffd12b80000 - 0x00007ffd12ca4000 	C:\WINDOWS\System32\RPCRT4.dll
0x00007ffd131c0000 - 0x00007ffd13350000 	C:\WINDOWS\System32\USER32.dll
0x00007ffd10940000 - 0x00007ffd10960000 	C:\WINDOWS\System32\win32u.dll
0x00007ffd13c10000 - 0x00007ffd13c38000 	C:\WINDOWS\System32\GDI32.dll
0x00007ffd102f0000 - 0x00007ffd10482000 	C:\WINDOWS\System32\gdi32full.dll
0x00007ffd10960000 - 0x00007ffd109ff000 	C:\WINDOWS\System32\msvcp_win.dll
0x00007ffd10840000 - 0x00007ffd10938000 	C:\WINDOWS\System32\ucrtbase.dll
0x00007ffcfc1f0000 - 0x00007ffcfc459000 	C:\WINDOWS\WinSxS\amd64_microsoft.windows.common-controls_6595b64144ccf1df_6.0.17134.648_none_fb45a0e93062a6d2\COMCTL32.dll
0x00007ffd12cb0000 - 0x00007ffd12fd2000 	C:\WINDOWS\System32\combase.dll
0x00007ffd107c0000 - 0x00007ffd1083a000 	C:\WINDOWS\System32\bcryptPrimitives.dll
0x00007ffd13ab0000 - 0x00007ffd13add000 	C:\WINDOWS\System32\IMM32.DLL
0x0000000062800000 - 0x00000000628d1000 	C:\Program Files\Java\jre1.8.0_201\bin\msvcr100.dll
0x00000000628e0000 - 0x0000000063184000 	C:\Program Files\Java\jre1.8.0_201\bin\server\jvm.dll
0x00007ffd13350000 - 0x00007ffd13358000 	C:\WINDOWS\System32\PSAPI.DLL
0x00007ffd00100000 - 0x00007ffd00109000 	C:\WINDOWS\SYSTEM32\WSOCK32.dll
0x00007ffd13a40000 - 0x00007ffd13aac000 	C:\WINDOWS\System32\WS2_32.dll
0x00007ffd00e70000 - 0x00007ffd00e93000 	C:\WINDOWS\SYSTEM32\WINMM.dll
0x00007ffcfff90000 - 0x00007ffcfff9a000 	C:\WINDOWS\SYSTEM32\VERSION.dll
0x00007ffd00e40000 - 0x00007ffd00e6a000 	C:\WINDOWS\SYSTEM32\WINMMBASE.dll
0x00007ffd10a00000 - 0x00007ffd10a49000 	C:\WINDOWS\System32\cfgmgr32.dll
0x00007ffd08820000 - 0x00007ffd0882f000 	C:\Program Files\Java\jre1.8.0_201\bin\verify.dll
0x00007ffd01530000 - 0x00007ffd01559000 	C:\Program Files\Java\jre1.8.0_201\bin\java.dll
0x00007ffd02f20000 - 0x00007ffd02f36000 	C:\Program Files\Java\jre1.8.0_201\bin\zip.dll

VM Arguments:
jvm_args: -Dfile.encoding=Cp1252 
java_command: day19_loops.Transactions
java_class_path (initial): C:\Users\Nursu\eclipse-workspace\JavaProgrammingSpring2019\bin
Launcher Type: SUN_STANDARD

Environment Variables:
JAVA_HOME=C:\Program Files\Java\jdk1.8.0_201
PATH=C:/Program Files/Java/jre1.8.0_201/bin/server;C:/Program Files/Java/jre1.8.0_201/bin;C:/Program Files/Java/jre1.8.0_201/lib/amd64;C:\Program Files (x86)\Common Files\Oracle\Java\javapath;C:\Program Files\Java\jre\bin;C:\Program Files (x86)\Intel\iCLS Client\;C:\Program Files\Intel\iCLS Client\;C:\WINDOWS\system32;C:\WINDOWS;C:\WINDOWS\System32\Wbem;C:\WINDOWS\System32\WindowsPowerShell\v1.0\;C:\Program Files (x86)\Intel\Intel(R) Management Engine Components\DAL;C:\Program Files\Intel\Intel(R) Management Engine Components\DAL;C:\Program Files (x86)\Intel\Intel(R) Management Engine Components\IPT;C:\Program Files\Intel\Intel(R) Management Engine Components\IPT;C:\WINDOWS\System32\OpenSSH\;C:\Program Files\Microsoft SQL Server\120\Tools\Binn\;C:\Program Files\Microsoft SQL Server\110\Tools\Binn\;C:\Program Files (x86)\Microsoft SQL Server\110\Tools\Binn\;C:\Program Files\Microsoft SQL Server\110\DTS\Binn\;C:\Program Files (x86)\Microsoft SQL Server\110\Tools\Binn\ManagementStudio\;C:\Program Files (x86)\Microsoft SQL Server\110\DTS\Binn\;C:\Program Files\Intel\WiFi\bin\;C:\Program Files\Common Files\Intel\WirelessCommon\;C:\Program Files\Java\jdk1.8.0_201\bin;C:\Program Files\Java\jre1.8.0_201\bin;C:\Users\Nursu\AppData\Local\Microsoft\WindowsApps;;C:\WINDOWS\system32;
USERNAME=Nursu
OS=Windows_NT
PROCESSOR_IDENTIFIER=Intel64 Family 6 Model 142 Stepping 10, GenuineIntel



---------------  S Y S T E M  ---------------

OS: Windows 10.0 , 64 bit Build 17134 (10.0.17134.648)

CPU:total 8 (initial active 8) (4 cores per cpu, 2 threads per core) family 6 model 142 stepping 10, cmov, cx8, fxsr, mmx, sse, sse2, sse3, ssse3, sse4.1, sse4.2, popcnt, avx, avx2, aes, clmul, erms, 3dnowpref, lzcnt, ht, tsc, tscinvbit, bmi1, bmi2, adx

Memory: 4k page, physical 16647844k(9137624k free), swap 28860064k(5552k free)

vm_info: Java HotSpot(TM) 64-Bit Server VM (25.201-b09) for windows-amd64 JRE (1.8.0_201-b09), built on Dec 15 2018 18:36:39 by "java_re" with MS VC++ 10.0 (VS2010)

time: Sat Mar 30 12:09:04 2019
timezone: Eastern Daylight Time
elapsed time: 0 seconds (0d 0h 0m 0s)

